{"level":"info","msg":"日志系统初始化完成","time":"2025-06-01 22:46:29"}
{"client_ip":"::1","error":"","latency":7161916,"level":"info","method":"GET","msg":"HTTP Request","path":"/api/categories","status_code":200,"time":"2025-06-01 22:46:37"}
{"client_ip":"::1","error":"","latency":13368333,"level":"info","method":"GET","msg":"HTTP Request","path":"/api/auth/me","status_code":200,"time":"2025-06-01 22:46:37"}
{"client_ip":"::1","error":"","latency":18984042,"level":"info","method":"GET","msg":"HTTP Request","path":"/api/tags","status_code":200,"time":"2025-06-01 22:46:37"}
{"client_ip":"::1","error":"","latency":19098875,"level":"info","method":"GET","msg":"HTTP Request","path":"/api/notes/stats","status_code":200,"time":"2025-06-01 22:46:37"}
{"client_ip":"::1","error":"","latency":21000167,"level":"info","method":"GET","msg":"HTTP Request","path":"/api/notes?page=1\u0026limit=20\u0026sort=updated_at\u0026order=desc","status_code":200,"time":"2025-06-01 22:46:37"}
{"client_ip":"::1","error":"","latency":9563916,"level":"info","method":"POST","msg":"HTTP Request","path":"/api/notes","status_code":200,"time":"2025-06-01 22:47:57"}
{"client_ip":"::1","error":"","latency":2513750,"level":"info","method":"GET","msg":"HTTP Request","path":"/api/notes/stats","status_code":200,"time":"2025-06-01 22:47:57"}
{"client_ip":"::1","error":"","latency":2425917,"level":"info","method":"GET","msg":"HTTP Request","path":"/api/tags","status_code":200,"time":"2025-06-01 22:47:57"}
{"client_ip":"::1","error":"","latency":3145958,"level":"info","method":"GET","msg":"HTTP Request","path":"/api/categories","status_code":200,"time":"2025-06-01 22:47:57"}
{"client_ip":"::1","error":"","latency":4215000,"level":"info","method":"GET","msg":"HTTP Request","path":"/api/notes?page=1\u0026limit=20\u0026sort=updated_at\u0026order=desc","status_code":200,"time":"2025-06-01 22:47:57"}
{"client_ip":"::1","error":"","latency":1599625,"level":"info","method":"GET","msg":"HTTP Request","path":"/api/notes/10/attachments","status_code":200,"time":"2025-06-01 22:47:59"}
{"client_ip":"::1","error":"","latency":2747708,"level":"info","method":"GET","msg":"HTTP Request","path":"/api/notes/10","status_code":200,"time":"2025-06-01 22:47:59"}
{"client_ip":"::1","error":"","latency":9021000,"level":"info","method":"DELETE","msg":"HTTP Request","path":"/api/notes/10","status_code":200,"time":"2025-06-01 22:48:41"}
{"client_ip":"::1","error":"","latency":2447417,"level":"info","method":"GET","msg":"HTTP Request","path":"/api/categories","status_code":200,"time":"2025-06-01 22:48:41"}
{"client_ip":"::1","error":"","latency":4026541,"level":"info","method":"GET","msg":"HTTP Request","path":"/api/tags","status_code":200,"time":"2025-06-01 22:48:41"}
{"client_ip":"::1","error":"","latency":6814083,"level":"info","method":"GET","msg":"HTTP Request","path":"/api/notes/stats","status_code":200,"time":"2025-06-01 22:48:41"}
{"client_ip":"::1","error":"","latency":7023959,"level":"info","method":"GET","msg":"HTTP Request","path":"/api/notes?page=1\u0026limit=20\u0026sort=updated_at\u0026order=desc","status_code":200,"time":"2025-06-01 22:48:41"}
{"client_ip":"::1","error":"","latency":6703084,"level":"info","method":"POST","msg":"HTTP Request","path":"/api/notes","status_code":200,"time":"2025-06-01 22:49:23"}
{"client_ip":"::1","error":"","latency":1480625,"level":"info","method":"GET","msg":"HTTP Request","path":"/api/categories","status_code":200,"time":"2025-06-01 22:49:23"}
{"client_ip":"::1","error":"","latency":1809583,"level":"info","method":"GET","msg":"HTTP Request","path":"/api/tags","status_code":200,"time":"2025-06-01 22:49:23"}
{"client_ip":"::1","error":"","latency":2829958,"level":"info","method":"GET","msg":"HTTP Request","path":"/api/notes/stats","status_code":200,"time":"2025-06-01 22:49:23"}
{"client_ip":"::1","error":"","latency":4330791,"level":"info","method":"GET","msg":"HTTP Request","path":"/api/notes?page=1\u0026limit=20\u0026sort=updated_at\u0026order=desc","status_code":200,"time":"2025-06-01 22:49:23"}
{"client_ip":"::1","error":"","latency":1954292,"level":"info","method":"GET","msg":"HTTP Request","path":"/api/notes/11/share","status_code":404,"time":"2025-06-01 22:49:26"}
{"client_ip":"::1","error":"","latency":2536084,"level":"info","method":"POST","msg":"HTTP Request","path":"/api/notes/11/share","status_code":200,"time":"2025-06-01 22:49:28"}
{"client_ip":"::1","error":"","latency":1122125,"level":"info","method":"GET","msg":"HTTP Request","path":"/api/notes/11/share","status_code":200,"time":"2025-06-01 22:49:28"}
{"client_ip":"::1","error":"","latency":6975166,"level":"info","method":"GET","msg":"HTTP Request","path":"/public/notes/b2742635c3eaebb6344ac071b862b911","status_code":200,"time":"2025-06-01 22:49:35"}
{"client_ip":"::1","error":"","latency":3563875,"level":"info","method":"DELETE","msg":"HTTP Request","path":"/api/notes/11/share","status_code":200,"time":"2025-06-01 22:49:44"}
{"client_ip":"::1","error":"","latency":1019625,"level":"info","method":"GET","msg":"HTTP Request","path":"/api/notes/11/share","status_code":404,"time":"2025-06-01 22:49:44"}
{"client_ip":"::1","error":"","latency":2302208,"level":"info","method":"DELETE","msg":"HTTP Request","path":"/api/notes/11/share","status_code":404,"time":"2025-06-01 22:49:52"}
{"client_ip":"::1","error":"","latency":1518542,"level":"info","method":"GET","msg":"HTTP Request","path":"/api/notes/11/share","status_code":404,"time":"2025-06-01 22:49:52"}
{"client_ip":"::1","error":"","latency":2543541,"level":"info","method":"GET","msg":"HTTP Request","path":"/api/notes/11/share","status_code":404,"time":"2025-06-01 22:49:58"}
{"client_ip":"::1","error":"","latency":1965916,"level":"info","method":"GET","msg":"HTTP Request","path":"/public/notes/b2742635c3eaebb6344ac071b862b911","status_code":404,"time":"2025-06-01 22:50:02"}
{"client_ip":"::1","error":"","latency":1243125,"level":"info","method":"GET","msg":"HTTP Request","path":"/public/notes/b2742635c3eaebb6344ac071b862b911","status_code":404,"time":"2025-06-01 22:50:36"}
{"client_ip":"::1","error":"","latency":1210416,"level":"info","method":"GET","msg":"HTTP Request","path":"/api/notes/9/share","status_code":404,"time":"2025-06-01 22:50:49"}
